# JRE version: Java(TM) SE Runtime Environment (8.0_172-b11) (build 1.8.0_172-b11)
# Java VM: Java HotSpot(TM) 64-Bit Server VM (25.172-b11 mixed mode windows-amd64 compressed oops)
Heap:
 PSYoungGen      total 423936K, used 265056K [0x00000000d6000000, 0x00000000f9a00000, 0x0000000100000000)
  eden space 408064K, 64% used [0x00000000d6000000,0x00000000e62d8318,0x00000000eee80000)
  from space 15872K, 0% used [0x00000000eee80000,0x00000000eee80000,0x00000000efe00000)
  to   space 16384K, 0% used [0x00000000f8a00000,0x00000000f8a00000,0x00000000f9a00000)
 ParOldGen       total 147456K, used 52437K [0x0000000082000000, 0x000000008b000000, 0x00000000d6000000)
  object space 147456K, 35% used [0x0000000082000000,0x0000000085335660,0x000000008b000000)
 Metaspace       used 63585K, capacity 66132K, committed 66352K, reserved 1105920K
  class space    used 8445K, capacity 8896K, committed 9008K, reserved 1048576K
GC Heap History (10 events):
Event: 14.278 GC heap before
{Heap before GC invocations=14 (full 2):
 PSYoungGen      total 249344K, used 248993K [0x00000000d6000000, 0x00000000eb600000, 0x0000000100000000)
  eden space 234496K, 100% used [0x00000000d6000000,0x00000000e4500000,0x00000000e4500000)
  from space 14848K, 97% used [0x00000000e4500000,0x00000000e53287a0,0x00000000e5380000)
  to   space 16896K, 0% used [0x00000000ea580000,0x00000000ea580000,0x00000000eb600000)
 ParOldGen       total 87552K, used 21324K [0x0000000082000000, 0x0000000087580000, 0x00000000d6000000)
  object space 87552K, 24% used [0x0000000082000000,0x00000000834d3228,0x0000000087580000)
 Metaspace       used 44204K, capacity 46236K, committed 46384K, reserved 1089536K
  class space    used 6039K, capacity 6430K, committed 6448K, reserved 1048576K
Event: 14.296 GC heap after
Heap after GC invocations=14 (full 2):
 PSYoungGen      total 319488K, used 10004K [0x00000000d6000000, 0x00000000eaf80000, 0x0000000100000000)
  eden space 309248K, 0% used [0x00000000d6000000,0x00000000d6000000,0x00000000e8e00000)
  from space 10240K, 97% used [0x00000000ea580000,0x00000000eaf451a8,0x00000000eaf80000)
  to   space 16384K, 0% used [0x00000000e8f80000,0x00000000e8f80000,0x00000000e9f80000)
 ParOldGen       total 87552K, used 30188K [0x0000000082000000, 0x0000000087580000, 0x00000000d6000000)
  object space 87552K, 34% used [0x0000000082000000,0x0000000083d7b1f0,0x0000000087580000)
 Metaspace       used 44204K, capacity 46236K, committed 46384K, reserved 1089536K
  class space    used 6039K, capacity 6430K, committed 6448K, reserved 1048576K
}
Event: 16.081 GC heap before
{Heap before GC invocations=15 (full 2):
 PSYoungGen      total 319488K, used 319252K [0x00000000d6000000, 0x00000000eaf80000, 0x0000000100000000)
  eden space 309248K, 100% used [0x00000000d6000000,0x00000000e8e00000,0x00000000e8e00000)
  from space 10240K, 97% used [0x00000000ea580000,0x00000000eaf451a8,0x00000000eaf80000)
  to   space 16384K, 0% used [0x00000000e8f80000,0x00000000e8f80000,0x00000000e9f80000)
 ParOldGen       total 87552K, used 30188K [0x0000000082000000, 0x0000000087580000, 0x00000000d6000000)
  object space 87552K, 34% used [0x0000000082000000,0x0000000083d7b1f0,0x0000000087580000)
 Metaspace       used 49726K, capacity 52092K, committed 52400K, reserved 1093632K
  class space    used 6839K, capacity 7274K, committed 7344K, reserved 1048576K
Event: 16.109 GC heap after
Heap after GC invocations=15 (full 2):
 PSYoungGen      total 327168K, used 11706K [0x00000000d6000000, 0x00000000f1100000, 0x0000000100000000)
  eden space 310784K, 0% used [0x00000000d6000000,0x00000000d6000000,0x00000000e8f80000)
  from space 16384K, 71% used [0x00000000e8f80000,0x00000000e9aee8e8,0x00000000e9f80000)
  to   space 16896K, 0% used [0x00000000f0080000,0x00000000f0080000,0x00000000f1100000)
 ParOldGen       total 87552K, used 36225K [0x0000000082000000, 0x0000000087580000, 0x00000000d6000000)
  object space 87552K, 41% used [0x0000000082000000,0x00000000843605a0,0x0000000087580000)
 Metaspace       used 49726K, capacity 52092K, committed 52400K, reserved 1093632K
  class space    used 6839K, capacity 7274K, committed 7344K, reserved 1048576K
}
Event: 17.467 GC heap before
{Heap before GC invocations=16 (full 2):
 PSYoungGen      total 327168K, used 322490K [0x00000000d6000000, 0x00000000f1100000, 0x0000000100000000)
  eden space 310784K, 100% used [0x00000000d6000000,0x00000000e8f80000,0x00000000e8f80000)
  from space 16384K, 71% used [0x00000000e8f80000,0x00000000e9aee8e8,0x00000000e9f80000)
  to   space 16896K, 0% used [0x00000000f0080000,0x00000000f0080000,0x00000000f1100000)
 ParOldGen       total 87552K, used 36225K [0x0000000082000000, 0x0000000087580000, 0x00000000d6000000)
  object space 87552K, 41% used [0x0000000082000000,0x00000000843605a0,0x0000000087580000)
 Metaspace       used 56102K, capacity 58424K, committed 58672K, reserved 1099776K
  class space    used 7451K, capacity 7888K, committed 7984K, reserved 1048576K
Event: 17.480 GC heap after
Heap after GC invocations=16 (full 2):
 PSYoungGen      total 421376K, used 9238K [0x00000000d6000000, 0x00000000f0d80000, 0x0000000100000000)
  eden space 408064K, 0% used [0x00000000d6000000,0x00000000d6000000,0x00000000eee80000)
  from space 13312K, 69% used [0x00000000f0080000,0x00000000f0985ae8,0x00000000f0d80000)
  to   space 15872K, 0% used [0x00000000eee80000,0x00000000eee80000,0x00000000efe00000)
 ParOldGen       total 87552K, used 44113K [0x0000000082000000, 0x0000000087580000, 0x00000000d6000000)
  object space 87552K, 50% used [0x0000000082000000,0x0000000084b146a0,0x0000000087580000)
 Metaspace       used 56102K, capacity 58424K, committed 58672K, reserved 1099776K
  class space    used 7451K, capacity 7888K, committed 7984K, reserved 1048576K
}
Event: 17.823 GC heap before
{Heap before GC invocations=17 (full 2):
 PSYoungGen      total 421376K, used 117726K [0x00000000d6000000, 0x00000000f0d80000, 0x0000000100000000)
  eden space 408064K, 26% used [0x00000000d6000000,0x00000000dc9f1dd0,0x00000000eee80000)
  from space 13312K, 69% used [0x00000000f0080000,0x00000000f0985ae8,0x00000000f0d80000)
  to   space 15872K, 0% used [0x00000000eee80000,0x00000000eee80000,0x00000000efe00000)
 ParOldGen       total 87552K, used 44113K [0x0000000082000000, 0x0000000087580000, 0x00000000d6000000)
  object space 87552K, 50% used [0x0000000082000000,0x0000000084b146a0,0x0000000087580000)
 Metaspace       used 56655K, capacity 58994K, committed 59160K, reserved 1099776K
  class space    used 7530K, capacity 7963K, committed 7984K, reserved 1048576K
Event: 17.833 GC heap after
Heap after GC invocations=17 (full 2):
 PSYoungGen      total 423936K, used 3392K [0x00000000d6000000, 0x00000000f9a00000, 0x0000000100000000)
  eden space 408064K, 0% used [0x00000000d6000000,0x00000000d6000000,0x00000000eee80000)
  from space 15872K, 21% used [0x00000000eee80000,0x00000000ef1d00a0,0x00000000efe00000)
  to   space 16384K, 0% used [0x00000000f8a00000,0x00000000f8a00000,0x00000000f9a00000)
 ParOldGen       total 87552K, used 51517K [0x0000000082000000, 0x0000000087580000, 0x00000000d6000000)
  object space 87552K, 58% used [0x0000000082000000,0x000000008524f528,0x0000000087580000)
 Metaspace       used 56655K, capacity 58994K, committed 59160K, reserved 1099776K
  class space    used 7530K, capacity 7963K, committed 7984K, reserved 1048576K
}
Event: 17.834 GC heap before
{Heap before GC invocations=18 (full 3):
 PSYoungGen      total 423936K, used 3392K [0x00000000d6000000, 0x00000000f9a00000, 0x0000000100000000)
  eden space 408064K, 0% used [0x00000000d6000000,0x00000000d6000000,0x00000000eee80000)
  from space 15872K, 21% used [0x00000000eee80000,0x00000000ef1d00a0,0x00000000efe00000)
  to   space 16384K, 0% used [0x00000000f8a00000,0x00000000f8a00000,0x00000000f9a00000)
 ParOldGen       total 87552K, used 51517K [0x0000000082000000, 0x0000000087580000, 0x00000000d6000000)
  object space 87552K, 58% used [0x0000000082000000,0x000000008524f528,0x0000000087580000)
 Metaspace       used 56655K, capacity 58994K, committed 59160K, reserved 1099776K
  class space    used 7530K, capacity 7963K, committed 7984K, reserved 1048576K
Event: 18.512 GC heap after
Heap after GC invocations=18 (full 3):
 PSYoungGen      total 423936K, used 0K [0x00000000d6000000, 0x00000000f9a00000, 0x0000000100000000)
  eden space 408064K, 0% used [0x00000000d6000000,0x00000000d6000000,0x00000000eee80000)
  from space 15872K, 0% used [0x00000000eee80000,0x00000000eee80000,0x00000000efe00000)
  to   space 16384K, 0% used [0x00000000f8a00000,0x00000000f8a00000,0x00000000f9a00000)
 ParOldGen       total 147456K, used 52437K [0x0000000082000000, 0x000000008b000000, 0x00000000d6000000)
  object space 147456K, 35% used [0x0000000082000000,0x0000000085335660,0x000000008b000000)
 Metaspace       used 56655K, capacity 58994K, committed 59160K, reserved 1099776K
  class space    used 7530K, capacity 7963K, committed 7984K, reserved 1048576K
}

