# JRE version: Java(TM) SE Runtime Environment (8.0_172-b11) (build 1.8.0_172-b11)
# Java VM: Java HotSpot(TM) 64-Bit Server VM (25.172-b11 mixed mode windows-amd64 compressed oops)
Heap:
 PSYoungGen      total 628224K, used 263920K [0x00000000d6000000, 0x00000000fff80000, 0x0000000100000000)
  eden space 570368K, 45% used [0x00000000d6000000,0x00000000e5abc368,0x00000000f8d00000)
  from space 57856K, 12% used [0x00000000f8d00000,0x00000000f9400000,0x00000000fc580000)
  to   space 56832K, 0% used [0x00000000fc800000,0x00000000fc800000,0x00000000fff80000)
 ParOldGen       total 266752K, used 165499K [0x0000000082000000, 0x0000000092480000, 0x00000000d6000000)
  object space 266752K, 62% used [0x0000000082000000,0x000000008c19edc8,0x0000000092480000)
 Metaspace       used 70922K, capacity 73615K, committed 74368K, reserved 1114112K
  class space    used 9462K, capacity 9936K, committed 10112K, reserved 1048576K
GC Heap History (10 events):
Event: 3906.921 GC heap before
{Heap before GC invocations=25 (full 3):
 PSYoungGen      total 629248K, used 629072K [0x00000000d6000000, 0x0000000100000000, 0x0000000100000000)
  eden space 585216K, 100% used [0x00000000d6000000,0x00000000f9b80000,0x00000000f9b80000)
  from space 44032K, 99% used [0x00000000f9b80000,0x00000000fc654070,0x00000000fc680000)
  to   space 55808K, 0% used [0x00000000fc980000,0x00000000fc980000,0x0000000100000000)
 ParOldGen       total 163840K, used 140470K [0x0000000082000000, 0x000000008c000000, 0x00000000d6000000)
  object space 163840K, 85% used [0x0000000082000000,0x000000008a92db98,0x000000008c000000)
 Metaspace       used 71251K, capacity 74145K, committed 74368K, reserved 1114112K
  class space    used 9513K, capacity 10029K, committed 10112K, reserved 1048576K
Event: 3906.963 GC heap after
Heap after GC invocations=25 (full 3):
 PSYoungGen      total 625152K, used 40832K [0x00000000d6000000, 0x0000000100000000, 0x0000000100000000)
  eden space 569344K, 0% used [0x00000000d6000000,0x00000000d6000000,0x00000000f8c00000)
  from space 55808K, 73% used [0x00000000fc980000,0x00000000ff160020,0x0000000100000000)
  to   space 59392K, 0% used [0x00000000f8c00000,0x00000000f8c00000,0x00000000fc600000)
 ParOldGen       total 174080K, used 172270K [0x0000000082000000, 0x000000008ca00000, 0x00000000d6000000)
  object space 174080K, 98% used [0x0000000082000000,0x000000008c83bba8,0x000000008ca00000)
 Metaspace       used 71251K, capacity 74145K, committed 74368K, reserved 1114112K
  class space    used 9513K, capacity 10029K, committed 10112K, reserved 1048576K
}
Event: 3906.964 GC heap before
{Heap before GC invocations=26 (full 4):
 PSYoungGen      total 625152K, used 40832K [0x00000000d6000000, 0x0000000100000000, 0x0000000100000000)
  eden space 569344K, 0% used [0x00000000d6000000,0x00000000d6000000,0x00000000f8c00000)
  from space 55808K, 73% used [0x00000000fc980000,0x00000000ff160020,0x0000000100000000)
  to   space 59392K, 0% used [0x00000000f8c00000,0x00000000f8c00000,0x00000000fc600000)
 ParOldGen       total 174080K, used 172270K [0x0000000082000000, 0x000000008ca00000, 0x00000000d6000000)
  object space 174080K, 98% used [0x0000000082000000,0x000000008c83bba8,0x000000008ca00000)
 Metaspace       used 71251K, capacity 74145K, committed 74368K, reserved 1114112K
  class space    used 9513K, capacity 10029K, committed 10112K, reserved 1048576K
Event: 3908.249 GC heap after
Heap after GC invocations=26 (full 4):
 PSYoungGen      total 625152K, used 0K [0x00000000d6000000, 0x0000000100000000, 0x0000000100000000)
  eden space 569344K, 0% used [0x00000000d6000000,0x00000000d6000000,0x00000000f8c00000)
  from space 55808K, 0% used [0x00000000fc980000,0x00000000fc980000,0x0000000100000000)
  to   space 59392K, 0% used [0x00000000f8c00000,0x00000000f8c00000,0x00000000fc600000)
 ParOldGen       total 266752K, used 158218K [0x0000000082000000, 0x0000000092480000, 0x00000000d6000000)
  object space 266752K, 59% used [0x0000000082000000,0x000000008ba82b88,0x0000000092480000)
 Metaspace       used 70921K, capacity 73615K, committed 74368K, reserved 1114112K
  class space    used 9462K, capacity 9936K, committed 10112K, reserved 1048576K
}
Event: 3909.592 GC heap before
{Heap before GC invocations=27 (full 4):
 PSYoungGen      total 625152K, used 569344K [0x00000000d6000000, 0x0000000100000000, 0x0000000100000000)
  eden space 569344K, 100% used [0x00000000d6000000,0x00000000f8c00000,0x00000000f8c00000)
  from space 55808K, 0% used [0x00000000fc980000,0x00000000fc980000,0x0000000100000000)
  to   space 59392K, 0% used [0x00000000f8c00000,0x00000000f8c00000,0x00000000fc600000)
 ParOldGen       total 266752K, used 158218K [0x0000000082000000, 0x0000000092480000, 0x00000000d6000000)
  object space 266752K, 59% used [0x0000000082000000,0x000000008ba82b88,0x0000000092480000)
 Metaspace       used 70921K, capacity 73615K, committed 74368K, reserved 1114112K
  class space    used 9462K, capacity 9936K, committed 10112K, reserved 1048576K
Event: 3909.608 GC heap after
Heap after GC invocations=27 (full 4):
 PSYoungGen      total 628736K, used 8352K [0x00000000d6000000, 0x0000000100000000, 0x0000000100000000)
  eden space 569344K, 0% used [0x00000000d6000000,0x00000000d6000000,0x00000000f8c00000)
  from space 59392K, 14% used [0x00000000f8c00000,0x00000000f9428030,0x00000000fc600000)
  to   space 58368K, 0% used [0x00000000fc700000,0x00000000fc700000,0x0000000100000000)
 ParOldGen       total 266752K, used 158226K [0x0000000082000000, 0x0000000092480000, 0x00000000d6000000)
  object space 266752K, 59% used [0x0000000082000000,0x000000008ba84b88,0x0000000092480000)
 Metaspace       used 70921K, capacity 73615K, committed 74368K, reserved 1114112K
  class space    used 9462K, capacity 9936K, committed 10112K, reserved 1048576K
}
Event: 3912.010 GC heap before
{Heap before GC invocations=28 (full 4):
 PSYoungGen      total 628736K, used 577696K [0x00000000d6000000, 0x0000000100000000, 0x0000000100000000)
  eden space 569344K, 100% used [0x00000000d6000000,0x00000000f8c00000,0x00000000f8c00000)
  from space 59392K, 14% used [0x00000000f8c00000,0x00000000f9428030,0x00000000fc600000)
  to   space 58368K, 0% used [0x00000000fc700000,0x00000000fc700000,0x0000000100000000)
 ParOldGen       total 266752K, used 158226K [0x0000000082000000, 0x0000000092480000, 0x00000000d6000000)
  object space 266752K, 59% used [0x0000000082000000,0x000000008ba84b88,0x0000000092480000)
 Metaspace       used 70921K, capacity 73615K, committed 74368K, reserved 1114112K
  class space    used 9462K, capacity 9936K, committed 10112K, reserved 1048576K
Event: 3912.020 GC heap after
Heap after GC invocations=28 (full 4):
 PSYoungGen      total 626688K, used 3216K [0x00000000d6000000, 0x00000000ffe00000, 0x0000000100000000)
  eden space 570368K, 0% used [0x00000000d6000000,0x00000000d6000000,0x00000000f8d00000)
  from space 56320K, 5% used [0x00000000fc700000,0x00000000fca24010,0x00000000ffe00000)
  to   space 57856K, 0% used [0x00000000f8d00000,0x00000000f8d00000,0x00000000fc580000)
 ParOldGen       total 266752K, used 164235K [0x0000000082000000, 0x0000000092480000, 0x00000000d6000000)
  object space 266752K, 61% used [0x0000000082000000,0x000000008c062d98,0x0000000092480000)
 Metaspace       used 70921K, capacity 73615K, committed 74368K, reserved 1114112K
  class space    used 9462K, capacity 9936K, committed 10112K, reserved 1048576K
}
Event: 3914.288 GC heap before
{Heap before GC invocations=29 (full 4):
 PSYoungGen      total 626688K, used 573584K [0x00000000d6000000, 0x00000000ffe00000, 0x0000000100000000)
  eden space 570368K, 100% used [0x00000000d6000000,0x00000000f8d00000,0x00000000f8d00000)
  from space 56320K, 5% used [0x00000000fc700000,0x00000000fca24010,0x00000000ffe00000)
  to   space 57856K, 0% used [0x00000000f8d00000,0x00000000f8d00000,0x00000000fc580000)
 ParOldGen       total 266752K, used 164235K [0x0000000082000000, 0x0000000092480000, 0x00000000d6000000)
  object space 266752K, 61% used [0x0000000082000000,0x000000008c062d98,0x0000000092480000)
 Metaspace       used 70922K, capacity 73615K, committed 74368K, reserved 1114112K
  class space    used 9462K, capacity 9936K, committed 10112K, reserved 1048576K
Event: 3914.410 GC heap after
Heap after GC invocations=29 (full 4):
 PSYoungGen      total 628224K, used 7168K [0x00000000d6000000, 0x00000000fff80000, 0x0000000100000000)
  eden space 570368K, 0% used [0x00000000d6000000,0x00000000d6000000,0x00000000f8d00000)
  from space 57856K, 12% used [0x00000000f8d00000,0x00000000f9400000,0x00000000fc580000)
  to   space 56832K, 0% used [0x00000000fc800000,0x00000000fc800000,0x00000000fff80000)
 ParOldGen       total 266752K, used 165499K [0x0000000082000000, 0x0000000092480000, 0x00000000d6000000)
  object space 266752K, 62% used [0x0000000082000000,0x000000008c19edc8,0x0000000092480000)
 Metaspace       used 70922K, capacity 73615K, committed 74368K, reserved 1114112K
  class space    used 9462K, capacity 9936K, committed 10112K, reserved 1048576K
}

